<?xml version="1.0" encoding="UTF-8"?>
<!-- Generated by org.testng.reporters.JUnitXMLReporter -->
<testsuite ignored="0" hostname="DESKTOP-5OMTA5B" failures="0" tests="7" name="Default test" time="7.904" errors="0" timestamp="2024-01-02T22:09:18 IST">
  <testcase classname="com.moolya.testgithub.GitHub_Testing" name="createRepo" time="3.656"/>
  <testcase classname="com.moolya.testgithub.GitHub_Testing" name="getRepository" time="0.761"/>
  <testcase classname="com.moolya.testgithub.GitHub_Testing" name="updateRepository" time="0.892"/>
  <testcase classname="com.moolya.testgithub.GitHub_Testing" name="getUpdatedRepository" time="0.637"/>
  <testcase classname="com.moolya.testgithub.GitHub_Testing" name="deleteRepository" time="0.783"/>
  <testcase classname="com.moolya.testgithub.GitHub_Testing" name="listUserRepositories" time="0.646"/>
  <testcase classname="com.moolya.testgithub.GitHub_Testing" name="listRepositoriestags" time="0.471"/>
</testsuite> <!-- Default test -->
