<?xml version="1.0" encoding="UTF-8"?>
<!-- Generated by org.testng.reporters.JUnitXMLReporter -->
<testsuite ignored="0" hostname="DESKTOP-5OMTA5B" failures="0" tests="7" name="Test" time="7.513" errors="0" timestamp="2024-01-02T21:05:12 IST">
  <testcase classname="com.moolya.testgithub.GitHub_Testing" name="createRepo" time="3.519"/>
  <testcase classname="com.moolya.testgithub.GitHub_Testing" name="getRepository" time="0.623"/>
  <testcase classname="com.moolya.testgithub.GitHub_Testing" name="updateRepository" time="0.886"/>
  <testcase classname="com.moolya.testgithub.GitHub_Testing" name="getUpdatedRepository" time="0.698"/>
  <testcase classname="com.moolya.testgithub.GitHub_Testing" name="deleteRepository" time="0.597"/>
  <testcase classname="com.moolya.testgithub.GitHub_Testing" name="listUserRepositories" time="0.628"/>
  <testcase classname="com.moolya.testgithub.GitHub_Testing" name="listRepositoriestags" time="0.486"/>
</testsuite> <!-- Test -->
