<?xml version="1.0" encoding="UTF-8"?>
<!-- Generated by org.testng.reporters.JUnitXMLReporter -->
<testsuite ignored="0" hostname="DESKTOP-5OMTA5B" failures="0" tests="7" name="Test" time="8.273" errors="0" timestamp="2024-01-02T21:06:36 IST">
  <testcase classname="com.moolya.testgithub.GitHub_Testing" name="createRepo" time="3.773"/>
  <testcase classname="com.moolya.testgithub.GitHub_Testing" name="getRepository" time="0.811"/>
  <testcase classname="com.moolya.testgithub.GitHub_Testing" name="updateRepository" time="0.933"/>
  <testcase classname="com.moolya.testgithub.GitHub_Testing" name="getUpdatedRepository" time="0.715"/>
  <testcase classname="com.moolya.testgithub.GitHub_Testing" name="deleteRepository" time="0.651"/>
  <testcase classname="com.moolya.testgithub.GitHub_Testing" name="listUserRepositories" time="0.604"/>
  <testcase classname="com.moolya.testgithub.GitHub_Testing" name="listRepositoriestags" time="0.741"/>
</testsuite> <!-- Test -->
