<?xml version="1.0" encoding="UTF-8"?>
<testng-results ignored="0" total="7" passed="7" failed="0" skipped="0">
  <reporter-output>
  </reporter-output>
  <suite started-at="2024-01-02T21:06:28 IST" name="Suite" finished-at="2024-01-02T21:06:36 IST" duration-ms="8273">
    <groups>
    </groups>
    <test started-at="2024-01-02T21:06:28 IST" name="Test" finished-at="2024-01-02T21:06:36 IST" duration-ms="8273">
      <class name="com.moolya.testgithub.GitHub_Testing">
        <test-method signature="createRepo()[pri:0, instance:com.moolya.testgithub.GitHub_Testing@48e4374]" started-at="2024-01-02T21:06:28 IST" name="createRepo" finished-at="2024-01-02T21:06:31 IST" duration-ms="3773" status="PASS">
          <reporter-output>
          </reporter-output>
        </test-method> <!-- createRepo -->
        <test-method signature="getRepository()[pri:1, instance:com.moolya.testgithub.GitHub_Testing@48e4374]" started-at="2024-01-02T21:06:31 IST" name="getRepository" finished-at="2024-01-02T21:06:32 IST" duration-ms="811" status="PASS">
          <reporter-output>
          </reporter-output>
        </test-method> <!-- getRepository -->
        <test-method signature="updateRepository()[pri:2, instance:com.moolya.testgithub.GitHub_Testing@48e4374]" started-at="2024-01-02T21:06:32 IST" name="updateRepository" finished-at="2024-01-02T21:06:33 IST" duration-ms="933" status="PASS">
          <reporter-output>
          </reporter-output>
        </test-method> <!-- updateRepository -->
        <test-method signature="getUpdatedRepository()[pri:3, instance:com.moolya.testgithub.GitHub_Testing@48e4374]" started-at="2024-01-02T21:06:33 IST" name="getUpdatedRepository" finished-at="2024-01-02T21:06:34 IST" duration-ms="715" status="PASS">
          <reporter-output>
          </reporter-output>
        </test-method> <!-- getUpdatedRepository -->
        <test-method signature="deleteRepository()[pri:4, instance:com.moolya.testgithub.GitHub_Testing@48e4374]" started-at="2024-01-02T21:06:34 IST" name="deleteRepository" finished-at="2024-01-02T21:06:34 IST" duration-ms="651" status="PASS">
          <reporter-output>
          </reporter-output>
        </test-method> <!-- deleteRepository -->
        <test-method signature="listUserRepositories()[pri:5, instance:com.moolya.testgithub.GitHub_Testing@48e4374]" started-at="2024-01-02T21:06:34 IST" name="listUserRepositories" finished-at="2024-01-02T21:06:35 IST" duration-ms="604" status="PASS">
          <reporter-output>
          </reporter-output>
        </test-method> <!-- listUserRepositories -->
        <test-method signature="listRepositoriestags()[pri:6, instance:com.moolya.testgithub.GitHub_Testing@48e4374]" started-at="2024-01-02T21:06:35 IST" name="listRepositoriestags" finished-at="2024-01-02T21:06:36 IST" duration-ms="741" status="PASS">
          <reporter-output>
          </reporter-output>
        </test-method> <!-- listRepositoriestags -->
      </class> <!-- com.moolya.testgithub.GitHub_Testing -->
    </test> <!-- Test -->
  </suite> <!-- Suite -->
</testng-results>
