<?xml version="1.0" encoding="UTF-8"?>
<testsuite xmlns:xsi="http://www.w3.org/2001/XMLSchema-instance" xsi:noNamespaceSchemaLocation="https://maven.apache.org/surefire/maven-surefire-plugin/xsd/surefire-test-report-3.0.xsd" version="3.0" name="TestSuite" time="8.963" tests="7" errors="0" skipped="0" failures="0">
  <properties>
[...]
</properties>
  <testcase name="createRepo" classname="com.moolya.testgithub.GitHub_Testing" time="3.773">
    <system-err><![CDATA[SLF4J: Failed to load class "org.slf4j.impl.StaticLoggerBinder".
SLF4J: Defaulting to no-operation (NOP) logger implementation
SLF4J: See http://www.slf4j.org/codes.html#StaticLoggerBinder for further details.
]]></system-err>
  </testcase>
  <testcase name="getRepository" classname="com.moolya.testgithub.GitHub_Testing" time="0.81"/>
  <testcase name="updateRepository" classname="com.moolya.testgithub.GitHub_Testing" time="0.938">
    <system-out><![CDATA[https://api.github.com/repos/Manjanagowda/RestAssured
{
	"name" : "Hello_World",
	"description" : "Updating the repository name and private",
	"private" : false	
}
{"id":738169215,"node_id":"R_kgDOK_-Rfw","name":"Hello_World","full_name":"Manjanagowda/Hello_World","private":false,"owner":{"login":"Manjanagowda","id":133026556,"node_id":"U_kgDOB-3S_A","avatar_url":"https://avatars.githubusercontent.com/u/133026556?v=4","gravatar_id":"","url":"https://api.github.com/users/Manjanagowda","html_url":"https://github.com/Manjanagowda","followers_url":"https://api.github.com/users/Manjanagowda/followers","following_url":"https://api.github.com/users/Manjanagowda/following{/other_user}","gists_url":"https://api.github.com/users/Manjanagowda/gists{/gist_id}","starred_url":"https://api.github.com/users/Manjanagowda/starred{/owner}{/repo}","subscriptions_url":"https://api.github.com/users/Manjanagowda/subscriptions","organizations_url":"https://api.github.com/users/Manjanagowda/orgs","repos_url":"https://api.github.com/users/Manjanagowda/repos","events_url":"https://api.github.com/users/Manjanagowda/events{/privacy}","received_events_url":"https://api.github.com/users/Manjanagowda/received_events","type":"User","site_admin":false},"html_url":"https://github.com/Manjanagowda/Hello_World","description":"Updating the repository name and private","fork":false,"url":"https://api.github.com/repos/Manjanagowda/Hello_World","forks_url":"https://api.github.com/repos/Manjanagowda/Hello_World/forks","keys_url":"https://api.github.com/repos/Manjanagowda/Hello_World/keys{/key_id}","collaborators_url":"https://api.github.com/repos/Manjanagowda/Hello_World/collaborators{/collaborator}","teams_url":"https://api.github.com/repos/Manjanagowda/Hello_World/teams","hooks_url":"https://api.github.com/repos/Manjanagowda/Hello_World/hooks","issue_events_url":"https://api.github.com/repos/Manjanagowda/Hello_World/issues/events{/number}","events_url":"https://api.github.com/repos/Manjanagowda/Hello_World/events","assignees_url":"https://api.github.com/repos/Manjanagowda/Hello_World/assignees{/user}","branches_url":"https://api.github.com/repos/Manjanagowda/Hello_World/branches{/branch}","tags_url":"https://api.github.com/repos/Manjanagowda/Hello_World/tags","blobs_url":"https://api.github.com/repos/Manjanagowda/Hello_World/git/blobs{/sha}","git_tags_url":"https://api.github.com/repos/Manjanagowda/Hello_World/git/tags{/sha}","git_refs_url":"https://api.github.com/repos/Manjanagowda/Hello_World/git/refs{/sha}","trees_url":"https://api.github.com/repos/Manjanagowda/Hello_World/git/trees{/sha}","statuses_url":"https://api.github.com/repos/Manjanagowda/Hello_World/statuses/{sha}","languages_url":"https://api.github.com/repos/Manjanagowda/Hello_World/languages","stargazers_url":"https://api.github.com/repos/Manjanagowda/Hello_World/stargazers","contributors_url":"https://api.github.com/repos/Manjanagowda/Hello_World/contributors","subscribers_url":"https://api.github.com/repos/Manjanagowda/Hello_World/subscribers","subscription_url":"https://api.github.com/repos/Manjanagowda/Hello_World/subscription","commits_url":"https://api.github.com/repos/Manjanagowda/Hello_World/commits{/sha}","git_commits_url":"https://api.github.com/repos/Manjanagowda/Hello_World/git/commits{/sha}","comments_url":"https://api.github.com/repos/Manjanagowda/Hello_World/comments{/number}","issue_comment_url":"https://api.github.com/repos/Manjanagowda/Hello_World/issues/comments{/number}","contents_url":"https://api.github.com/repos/Manjanagowda/Hello_World/contents/{+path}","compare_url":"https://api.github.com/repos/Manjanagowda/Hello_World/compare/{base}...{head}","merges_url":"https://api.github.com/repos/Manjanagowda/Hello_World/merges","archive_url":"https://api.github.com/repos/Manjanagowda/Hello_World/{archive_format}{/ref}","downloads_url":"https://api.github.com/repos/Manjanagowda/Hello_World/downloads","issues_url":"https://api.github.com/repos/Manjanagowda/Hello_World/issues{/number}","pulls_url":"https://api.github.com/repos/Manjanagowda/Hello_World/pulls{/number}","milestones_url":"https://api.github.com/repos/Manjanagowda/Hello_World/milestones{/number}","notifications_url":"https://api.github.com/repos/Manjanagowda/Hello_World/notifications{?since,all,participating}","labels_url":"https://api.github.com/repos/Manjanagowda/Hello_World/labels{/name}","releases_url":"https://api.github.com/repos/Manjanagowda/Hello_World/releases{/id}","deployments_url":"https://api.github.com/repos/Manjanagowda/Hello_World/deployments","created_at":"2024-01-02T15:36:30Z","updated_at":"2024-01-02T15:36:33Z","pushed_at":"2024-01-02T15:36:30Z","git_url":"git://github.com/Manjanagowda/Hello_World.git","ssh_url":"git@github.com:Manjanagowda/Hello_World.git","clone_url":"https://github.com/Manjanagowda/Hello_World.git","svn_url":"https://github.com/Manjanagowda/Hello_World","homepage":null,"size":0,"stargazers_count":0,"watchers_count":0,"language":null,"has_issues":true,"has_projects":true,"has_downloads":true,"has_wiki":true,"has_pages":false,"has_discussions":false,"forks_count":0,"mirror_url":null,"archived":false,"disabled":false,"open_issues_count":0,"license":null,"allow_forking":true,"is_template":false,"web_commit_signoff_required":false,"topics":[],"visibility":"public","forks":0,"open_issues":0,"watchers":0,"default_branch":"main","permissions":{"admin":true,"maintain":true,"push":true,"triage":true,"pull":true},"allow_squash_merge":true,"allow_merge_commit":true,"allow_rebase_merge":true,"allow_auto_merge":false,"delete_branch_on_merge":false,"allow_update_branch":false,"use_squash_pr_title_as_default":false,"squash_merge_commit_message":"COMMIT_MESSAGES","squash_merge_commit_title":"COMMIT_OR_PR_TITLE","merge_commit_message":"PR_TITLE","merge_commit_title":"MERGE_MESSAGE","security_and_analysis":{"secret_scanning":{"status":"disabled"},"secret_scanning_push_protection":{"status":"disabled"},"dependabot_security_updates":{"status":"disabled"},"secret_scanning_validity_checks":{"status":"disabled"}},"network_count":0,"subscribers_count":1}
Hello_World
]]></system-out>
  </testcase>
  <testcase name="getUpdatedRepository" classname="com.moolya.testgithub.GitHub_Testing" time="0.711"/>
  <testcase name="deleteRepository" classname="com.moolya.testgithub.GitHub_Testing" time="0.651"/>
  <testcase name="listUserRepositories" classname="com.moolya.testgithub.GitHub_Testing" time="0.65">
    <system-out><![CDATA[[{"id":728753059,"node_id":"R_kgDOK2_jow","name":"BDD_Framework_","full_name":"Manjanagowda/BDD_Framework_","private":false,"owner":{"login":"Manjanagowda","id":133026556,"node_id":"U_kgDOB-3S_A","avatar_url":"https://avatars.githubusercontent.com/u/133026556?v=4","gravatar_id":"","url":"https://api.github.com/users/Manjanagowda","html_url":"https://github.com/Manjanagowda","followers_url":"https://api.github.com/users/Manjanagowda/followers","following_url":"https://api.github.com/users/Manjanagowda/following{/other_user}","gists_url":"https://api.github.com/users/Manjanagowda/gists{/gist_id}","starred_url":"https://api.github.com/users/Manjanagowda/starred{/owner}{/repo}","subscriptions_url":"https://api.github.com/users/Manjanagowda/subscriptions","organizations_url":"https://api.github.com/users/Manjanagowda/orgs","repos_url":"https://api.github.com/users/Manjanagowda/repos","events_url":"https://api.github.com/users/Manjanagowda/events{/privacy}","received_events_url":"https://api.github.com/users/Manjanagowda/received_events","type":"User","site_admin":false},"html_url":"https://github.com/Manjanagowda/BDD_Framework_","description":null,"fork":false,"url":"https://api.github.com/repos/Manjanagowda/BDD_Framework_","forks_url":"https://api.github.com/repos/Manjanagowda/BDD_Framework_/forks","keys_url":"https://api.github.com/repos/Manjanagowda/BDD_Framework_/keys{/key_id}","collaborators_url":"https://api.github.com/repos/Manjanagowda/BDD_Framework_/collaborators{/collaborator}","teams_url":"https://api.github.com/repos/Manjanagowda/BDD_Framework_/teams","hooks_url":"https://api.github.com/repos/Manjanagowda/BDD_Framework_/hooks","issue_events_url":"https://api.github.com/repos/Manjanagowda/BDD_Framework_/issues/events{/number}","events_url":"https://api.github.com/repos/Manjanagowda/BDD_Framework_/events","assignees_url":"https://api.github.com/repos/Manjanagowda/BDD_Framework_/assignees{/user}","branches_url":"https://api.github.com/repos/Manjanagowda/BDD_Framework_/branches{/branch}","tags_url":"https://api.github.com/repos/Manjanagowda/BDD_Framework_/tags","blobs_url":"https://api.github.com/repos/Manjanagowda/BDD_Framework_/git/blobs{/sha}","git_tags_url":"https://api.github.com/repos/Manjanagowda/BDD_Framework_/git/tags{/sha}","git_refs_url":"https://api.github.com/repos/Manjanagowda/BDD_Framework_/git/refs{/sha}","trees_url":"https://api.github.com/repos/Manjanagowda/BDD_Framework_/git/trees{/sha}","statuses_url":"https://api.github.com/repos/Manjanagowda/BDD_Framework_/statuses/{sha}","languages_url":"https://api.github.com/repos/Manjanagowda/BDD_Framework_/languages","stargazers_url":"https://api.github.com/repos/Manjanagowda/BDD_Framework_/stargazers","contributors_url":"https://api.github.com/repos/Manjanagowda/BDD_Framework_/contributors","subscribers_url":"https://api.github.com/repos/Manjanagowda/BDD_Framework_/subscribers","subscription_url":"https://api.github.com/repos/Manjanagowda/BDD_Framework_/subscription","commits_url":"https://api.github.com/repos/Manjanagowda/BDD_Framework_/commits{/sha}","git_commits_url":"https://api.github.com/repos/Manjanagowda/BDD_Framework_/git/commits{/sha}","comments_url":"https://api.github.com/repos/Manjanagowda/BDD_Framework_/comments{/number}","issue_comment_url":"https://api.github.com/repos/Manjanagowda/BDD_Framework_/issues/comments{/number}","contents_url":"https://api.github.com/repos/Manjanagowda/BDD_Framework_/contents/{+path}","compare_url":"https://api.github.com/repos/Manjanagowda/BDD_Framework_/compare/{base}...{head}","merges_url":"https://api.github.com/repos/Manjanagowda/BDD_Framework_/merges","archive_url":"https://api.github.com/repos/Manjanagowda/BDD_Framework_/{archive_format}{/ref}","downloads_url":"https://api.github.com/repos/Manjanagowda/BDD_Framework_/downloads","issues_url":"https://api.github.com/repos/Manjanagowda/BDD_Framework_/issues{/number}","pulls_url":"https://api.github.com/repos/Manjanagowda/BDD_Framework_/pulls{/number}","milestones_url":"https://api.github.com/repos/Manjanagowda/BDD_Framework_/milestones{/number}","notifications_url":"https://api.github.com/repos/Manjanagowda/BDD_Framework_/notifications{?since,all,participating}","labels_url":"https://api.github.com/repos/Manjanagowda/BDD_Framework_/labels{/name}","releases_url":"https://api.github.com/repos/Manjanagowda/BDD_Framework_/releases{/id}","deployments_url":"https://api.github.com/repos/Manjanagowda/BDD_Framework_/deployments","created_at":"2023-12-07T16:06:58Z","updated_at":"2023-12-07T16:06:59Z","pushed_at":"2023-12-08T05:13:11Z","git_url":"git://github.com/Manjanagowda/BDD_Framework_.git","ssh_url":"git@github.com:Manjanagowda/BDD_Framework_.git","clone_url":"https://github.com/Manjanagowda/BDD_Framework_.git","svn_url":"https://github.com/Manjanagowda/BDD_Framework_","homepage":null,"size":9,"stargazers_count":0,"watchers_count":0,"language":null,"has_issues":true,"has_projects":true,"has_downloads":true,"has_wiki":true,"has_pages":false,"has_discussions":false,"forks_count":0,"mirror_url":null,"archived":false,"disabled":false,"open_issues_count":0,"license":null,"allow_forking":true,"is_template":false,"web_commit_signoff_required":false,"topics":[],"visibility":"public","forks":0,"open_issues":0,"watchers":0,"default_branch":"main","permissions":{"admin":true,"maintain":true,"push":true,"triage":true,"pull":true}},{"id":738155498,"node_id":"R_kgDOK_9b6g","name":"CucumberFramework_API","full_name":"Manjanagowda/CucumberFramework_API","private":false,"owner":{"login":"Manjanagowda","id":133026556,"node_id":"U_kgDOB-3S_A","avatar_url":"https://avatars.githubusercontent.com/u/133026556?v=4","gravatar_id":"","url":"https://api.github.com/users/Manjanagowda","html_url":"https://github.com/Manjanagowda","followers_url":"https://api.github.com/users/Manjanagowda/followers","following_url":"https://api.github.com/users/Manjanagowda/following{/other_user}","gists_url":"https://api.github.com/users/Manjanagowda/gists{/gist_id}","starred_url":"https://api.github.com/users/Manjanagowda/starred{/owner}{/repo}","subscriptions_url":"https://api.github.com/users/Manjanagowda/subscriptions","organizations_url":"https://api.github.com/users/Manjanagowda/orgs","repos_url":"https://api.github.com/users/Manjanagowda/repos","events_url":"https://api.github.com/users/Manjanagowda/events{/privacy}","received_events_url":"https://api.github.com/users/Manjanagowda/received_events","type":"User","site_admin":false},"html_url":"https://github.com/Manjanagowda/CucumberFramework_API","description":null,"fork":false,"url":"https://api.github.com/repos/Manjanagowda/CucumberFramework_API","forks_url":"https://api.github.com/repos/Manjanagowda/CucumberFramework_API/forks","keys_url":"https://api.github.com/repos/Manjanagowda/CucumberFramework_API/keys{/key_id}","collaborators_url":"https://api.github.com/repos/Manjanagowda/CucumberFramework_API/collaborators{/collaborator}","teams_url":"https://api.github.com/repos/Manjanagowda/CucumberFramework_API/teams","hooks_url":"https://api.github.com/repos/Manjanagowda/CucumberFramework_API/hooks","issue_events_url":"https://api.github.com/repos/Manjanagowda/CucumberFramework_API/issues/events{/number}","events_url":"https://api.github.com/repos/Manjanagowda/CucumberFramework_API/events","assignees_url":"https://api.github.com/repos/Manjanagowda/CucumberFramework_API/assignees{/user}","branches_url":"https://api.github.com/repos/Manjanagowda/CucumberFramework_API/branches{/branch}","tags_url":"https://api.github.com/repos/Manjanagowda/CucumberFramework_API/tags","blobs_url":"https://api.github.com/repos/Manjanagowda/CucumberFramework_API/git/blobs{/sha}","git_tags_url":"https://api.github.com/repos/Manjanagowda/CucumberFramework_API/git/tags{/sha}","git_refs_url":"https://api.github.com/repos/Manjanagowda/CucumberFramework_API/git/refs{/sha}","trees_url":"https://api.github.com/repos/Manjanagowda/CucumberFramework_API/git/trees{/sha}","statuses_url":"https://api.github.com/repos/Manjanagowda/CucumberFramework_API/statuses/{sha}","languages_url":"https://api.github.com/repos/Manjanagowda/CucumberFramework_API/languages","stargazers_url":"https://api.github.com/repos/Manjanagowda/CucumberFramework_API/stargazers","contributors_url":"https://api.github.com/repos/Manjanagowda/CucumberFramework_API/contributors","subscribers_url":"https://api.github.com/repos/Manjanagowda/CucumberFramework_API/subscribers","subscription_url":"https://api.github.com/repos/Manjanagowda/CucumberFramework_API/subscription","commits_url":"https://api.github.com/repos/Manjanagowda/CucumberFramework_API/commits{/sha}","git_commits_url":"https://api.github.com/repos/Manjanagowda/CucumberFramework_API/git/commits{/sha}","comments_url":"https://api.github.com/repos/Manjanagowda/CucumberFramework_API/comments{/number}","issue_comment_url":"https://api.github.com/repos/Manjanagowda/CucumberFramework_API/issues/comments{/number}","contents_url":"https://api.github.com/repos/Manjanagowda/CucumberFramework_API/contents/{+path}","compare_url":"https://api.github.com/repos/Manjanagowda/CucumberFramework_API/compare/{base}...{head}","merges_url":"https://api.github.com/repos/Manjanagowda/CucumberFramework_API/merges","archive_url":"https://api.github.com/repos/Manjanagowda/CucumberFramework_API/{archive_format}{/ref}","downloads_url":"https://api.github.com/repos/Manjanagowda/CucumberFramework_API/downloads","issues_url":"https://api.github.com/repos/Manjanagowda/CucumberFramework_API/issues{/number}","pulls_url":"https://api.github.com/repos/Manjanagowda/CucumberFramework_API/pulls{/number}","milestones_url":"https://api.github.com/repos/Manjanagowda/CucumberFramework_API/milestones{/number}","notifications_url":"https://api.github.com/repos/Manjanagowda/CucumberFramework_API/notifications{?since,all,participating}","labels_url":"https://api.github.com/repos/Manjanagowda/CucumberFramework_API/labels{/name}","releases_url":"https://api.github.com/repos/Manjanagowda/CucumberFramework_API/releases{/id}","deployments_url":"https://api.github.com/repos/Manjanagowda/CucumberFramework_API/deployments","created_at":"2024-01-02T14:59:38Z","updated_at":"2024-01-02T14:59:38Z","pushed_at":"2024-01-02T14:59:38Z","git_url":"git://github.com/Manjanagowda/CucumberFramework_API.git","ssh_url":"git@github.com:Manjanagowda/CucumberFramework_API.git","clone_url":"https://github.com/Manjanagowda/CucumberFramework_API.git","svn_url":"https://github.com/Manjanagowda/CucumberFramework_API","homepage":null,"size":0,"stargazers_count":0,"watchers_count":0,"language":null,"has_issues":true,"has_projects":true,"has_downloads":true,"has_wiki":true,"has_pages":false,"has_discussions":false,"forks_count":0,"mirror_url":null,"archived":false,"disabled":false,"open_issues_count":0,"license":null,"allow_forking":true,"is_template":false,"web_commit_signoff_required":false,"topics":[],"visibility":"public","forks":0,"open_issues":0,"watchers":0,"default_branch":"main","permissions":{"admin":true,"maintain":true,"push":true,"triage":true,"pull":true}},{"id":737693099,"node_id":"R_kgDOK_hNqw","name":"FirstProject","full_name":"Manjanagowda/FirstProject","private":false,"owner":{"login":"Manjanagowda","id":133026556,"node_id":"U_kgDOB-3S_A","avatar_url":"https://avatars.githubusercontent.com/u/133026556?v=4","gravatar_id":"","url":"https://api.github.com/users/Manjanagowda","html_url":"https://github.com/Manjanagowda","followers_url":"https://api.github.com/users/Manjanagowda/followers","following_url":"https://api.github.com/users/Manjanagowda/following{/other_user}","gists_url":"https://api.github.com/users/Manjanagowda/gists{/gist_id}","starred_url":"https://api.github.com/users/Manjanagowda/starred{/owner}{/repo}","subscriptions_url":"https://api.github.com/users/Manjanagowda/subscriptions","organizations_url":"https://api.github.com/users/Manjanagowda/orgs","repos_url":"https://api.github.com/users/Manjanagowda/repos","events_url":"https://api.github.com/users/Manjanagowda/events{/privacy}","received_events_url":"https://api.github.com/users/Manjanagowda/received_events","type":"User","site_admin":false},"html_url":"https://github.com/Manjanagowda/FirstProject","description":null,"fork":true,"url":"https://api.github.com/repos/Manjanagowda/FirstProject","forks_url":"https://api.github.com/repos/Manjanagowda/FirstProject/forks","keys_url":"https://api.github.com/repos/Manjanagowda/FirstProject/keys{/key_id}","collaborators_url":"https://api.github.com/repos/Manjanagowda/FirstProject/collaborators{/collaborator}","teams_url":"https://api.github.com/repos/Manjanagowda/FirstProject/teams","hooks_url":"https://api.github.com/repos/Manjanagowda/FirstProject/hooks","issue_events_url":"https://api.github.com/repos/Manjanagowda/FirstProject/issues/events{/number}","events_url":"https://api.github.com/repos/Manjanagowda/FirstProject/events","assignees_url":"https://api.github.com/repos/Manjanagowda/FirstProject/assignees{/user}","branches_url":"https://api.github.com/repos/Manjanagowda/FirstProject/branches{/branch}","tags_url":"https://api.github.com/repos/Manjanagowda/FirstProject/tags","blobs_url":"https://api.github.com/repos/Manjanagowda/FirstProject/git/blobs{/sha}","git_tags_url":"https://api.github.com/repos/Manjanagowda/FirstProject/git/tags{/sha}","git_refs_url":"https://api.github.com/repos/Manjanagowda/FirstProject/git/refs{/sha}","trees_url":"https://api.github.com/repos/Manjanagowda/FirstProject/git/trees{/sha}","statuses_url":"https://api.github.com/repos/Manjanagowda/FirstProject/statuses/{sha}","languages_url":"https://api.github.com/repos/Manjanagowda/FirstProject/languages","stargazers_url":"https://api.github.com/repos/Manjanagowda/FirstProject/stargazers","contributors_url":"https://api.github.com/repos/Manjanagowda/FirstProject/contributors","subscribers_url":"https://api.github.com/repos/Manjanagowda/FirstProject/subscribers","subscription_url":"https://api.github.com/repos/Manjanagowda/FirstProject/subscription","commits_url":"https://api.github.com/repos/Manjanagowda/FirstProject/commits{/sha}","git_commits_url":"https://api.github.com/repos/Manjanagowda/FirstProject/git/commits{/sha}","comments_url":"https://api.github.com/repos/Manjanagowda/FirstProject/comments{/number}","issue_comment_url":"https://api.github.com/repos/Manjanagowda/FirstProject/issues/comments{/number}","contents_url":"https://api.github.com/repos/Manjanagowda/FirstProject/contents/{+path}","compare_url":"https://api.github.com/repos/Manjanagowda/FirstProject/compare/{base}...{head}","merges_url":"https://api.github.com/repos/Manjanagowda/FirstProject/merges","archive_url":"https://api.github.com/repos/Manjanagowda/FirstProject/{archive_format}{/ref}","downloads_url":"https://api.github.com/repos/Manjanagowda/FirstProject/downloads","issues_url":"https://api.github.com/repos/Manjanagowda/FirstProject/issues{/number}","pulls_url":"https://api.github.com/repos/Manjanagowda/FirstProject/pulls{/number}","milestones_url":"https://api.github.com/repos/Manjanagowda/FirstProject/milestones{/number}","notifications_url":"https://api.github.com/repos/Manjanagowda/FirstProject/notifications{?since,all,participating}","labels_url":"https://api.github.com/repos/Manjanagowda/FirstProject/labels{/name}","releases_url":"https://api.github.com/repos/Manjanagowda/FirstProject/releases{/id}","deployments_url":"https://api.github.com/repos/Manjanagowda/FirstProject/deployments","created_at":"2024-01-01T05:29:04Z","updated_at":"2024-01-01T05:29:05Z","pushed_at":"2024-01-02T15:34:15Z","git_url":"git://github.com/Manjanagowda/FirstProject.git","ssh_url":"git@github.com:Manjanagowda/FirstProject.git","clone_url":"https://github.com/Manjanagowda/FirstProject.git","svn_url":"https://github.com/Manjanagowda/FirstProject","homepage":null,"size":1,"stargazers_count":0,"watchers_count":0,"language":null,"has_issues":false,"has_projects":true,"has_downloads":true,"has_wiki":true,"has_pages":false,"has_discussions":false,"forks_count":0,"mirror_url":null,"archived":false,"disabled":false,"open_issues_count":0,"license":null,"allow_forking":true,"is_template":false,"web_commit_signoff_required":false,"topics":[],"visibility":"public","forks":0,"open_issues":0,"watchers":0,"default_branch":"master","permissions":{"admin":true,"maintain":true,"push":true,"triage":true,"pull":true}},{"id":730805998,"node_id":"R_kgDOK4827g","name":"Java_Dsa","full_name":"Manjanagowda/Java_Dsa","private":false,"owner":{"login":"Manjanagowda","id":133026556,"node_id":"U_kgDOB-3S_A","avatar_url":"https://avatars.githubusercontent.com/u/133026556?v=4","gravatar_id":"","url":"https://api.github.com/users/Manjanagowda","html_url":"https://github.com/Manjanagowda","followers_url":"https://api.github.com/users/Manjanagowda/followers","following_url":"https://api.github.com/users/Manjanagowda/following{/other_user}","gists_url":"https://api.github.com/users/Manjanagowda/gists{/gist_id}","starred_url":"https://api.github.com/users/Manjanagowda/starred{/owner}{/repo}","subscriptions_url":"https://api.github.com/users/Manjanagowda/subscriptions","organizations_url":"https://api.github.com/users/Manjanagowda/orgs","repos_url":"https://api.github.com/users/Manjanagowda/repos","events_url":"https://api.github.com/users/Manjanagowda/events{/privacy}","received_events_url":"https://api.github.com/users/Manjanagowda/received_events","type":"User","site_admin":false},"html_url":"https://github.com/Manjanagowda/Java_Dsa","description":null,"fork":false,"url":"https://api.github.com/repos/Manjanagowda/Java_Dsa","forks_url":"https://api.github.com/repos/Manjanagowda/Java_Dsa/forks","keys_url":"https://api.github.com/repos/Manjanagowda/Java_Dsa/keys{/key_id}","collaborators_url":"https://api.github.com/repos/Manjanagowda/Java_Dsa/collaborators{/collaborator}","teams_url":"https://api.github.com/repos/Manjanagowda/Java_Dsa/teams","hooks_url":"https://api.github.com/repos/Manjanagowda/Java_Dsa/hooks","issue_events_url":"https://api.github.com/repos/Manjanagowda/Java_Dsa/issues/events{/number}","events_url":"https://api.github.com/repos/Manjanagowda/Java_Dsa/events","assignees_url":"https://api.github.com/repos/Manjanagowda/Java_Dsa/assignees{/user}","branches_url":"https://api.github.com/repos/Manjanagowda/Java_Dsa/branches{/branch}","tags_url":"https://api.github.com/repos/Manjanagowda/Java_Dsa/tags","blobs_url":"https://api.github.com/repos/Manjanagowda/Java_Dsa/git/blobs{/sha}","git_tags_url":"https://api.github.com/repos/Manjanagowda/Java_Dsa/git/tags{/sha}","git_refs_url":"https://api.github.com/repos/Manjanagowda/Java_Dsa/git/refs{/sha}","trees_url":"https://api.github.com/repos/Manjanagowda/Java_Dsa/git/trees{/sha}","statuses_url":"https://api.github.com/repos/Manjanagowda/Java_Dsa/statuses/{sha}","languages_url":"https://api.github.com/repos/Manjanagowda/Java_Dsa/languages","stargazers_url":"https://api.github.com/repos/Manjanagowda/Java_Dsa/stargazers","contributors_url":"https://api.github.com/repos/Manjanagowda/Java_Dsa/contributors","subscribers_url":"https://api.github.com/repos/Manjanagowda/Java_Dsa/subscribers","subscription_url":"https://api.github.com/repos/Manjanagowda/Java_Dsa/subscription","commits_url":"https://api.github.com/repos/Manjanagowda/Java_Dsa/commits{/sha}","git_commits_url":"https://api.github.com/repos/Manjanagowda/Java_Dsa/git/commits{/sha}","comments_url":"https://api.github.com/repos/Manjanagowda/Java_Dsa/comments{/number}","issue_comment_url":"https://api.github.com/repos/Manjanagowda/Java_Dsa/issues/comments{/number}","contents_url":"https://api.github.com/repos/Manjanagowda/Java_Dsa/contents/{+path}","compare_url":"https://api.github.com/repos/Manjanagowda/Java_Dsa/compare/{base}...{head}","merges_url":"https://api.github.com/repos/Manjanagowda/Java_Dsa/merges","archive_url":"https://api.github.com/repos/Manjanagowda/Java_Dsa/{archive_format}{/ref}","downloads_url":"https://api.github.com/repos/Manjanagowda/Java_Dsa/downloads","issues_url":"https://api.github.com/repos/Manjanagowda/Java_Dsa/issues{/number}","pulls_url":"https://api.github.com/repos/Manjanagowda/Java_Dsa/pulls{/number}","milestones_url":"https://api.github.com/repos/Manjanagowda/Java_Dsa/milestones{/number}","notifications_url":"https://api.github.com/repos/Manjanagowda/Java_Dsa/notifications{?since,all,participating}","labels_url":"https://api.github.com/repos/Manjanagowda/Java_Dsa/labels{/name}","releases_url":"https://api.github.com/repos/Manjanagowda/Java_Dsa/releases{/id}","deployments_url":"https://api.github.com/repos/Manjanagowda/Java_Dsa/deployments","created_at":"2023-12-12T17:59:16Z","updated_at":"2023-12-12T18:02:14Z","pushed_at":"2023-12-13T04:18:11Z","git_url":"git://github.com/Manjanagowda/Java_Dsa.git","ssh_url":"git@github.com:Manjanagowda/Java_Dsa.git","clone_url":"https://github.com/Manjanagowda/Java_Dsa.git","svn_url":"https://github.com/Manjanagowda/Java_Dsa","homepage":null,"size":19,"stargazers_count":0,"watchers_count":0,"language":"Java","has_issues":true,"has_projects":true,"has_downloads":true,"has_wiki":true,"has_pages":false,"has_discussions":false,"forks_count":0,"mirror_url":null,"archived":false,"disabled":false,"open_issues_count":0,"license":null,"allow_forking":true,"is_template":false,"web_commit_signoff_required":false,"topics":[],"visibility":"public","forks":0,"open_issues":0,"watchers":0,"default_branch":"master","permissions":{"admin":true,"maintain":true,"push":true,"triage":true,"pull":true}},{"id":707486935,"node_id":"R_kgDOKitk1w","name":"Manjanagowda","full_name":"Manjanagowda/Manjanagowda","private":false,"owner":{"login":"Manjanagowda","id":133026556,"node_id":"U_kgDOB-3S_A","avatar_url":"https://avatars.githubusercontent.com/u/133026556?v=4","gravatar_id":"","url":"https://api.github.com/users/Manjanagowda","html_url":"https://github.com/Manjanagowda","followers_url":"https://api.github.com/users/Manjanagowda/followers","following_url":"https://api.github.com/users/Manjanagowda/following{/other_user}","gists_url":"https://api.github.com/users/Manjanagowda/gists{/gist_id}","starred_url":"https://api.github.com/users/Manjanagowda/starred{/owner}{/repo}","subscriptions_url":"https://api.github.com/users/Manjanagowda/subscriptions","organizations_url":"https://api.github.com/users/Manjanagowda/orgs","repos_url":"https://api.github.com/users/Manjanagowda/repos","events_url":"https://api.github.com/users/Manjanagowda/events{/privacy}","received_events_url":"https://api.github.com/users/Manjanagowda/received_events","type":"User","site_admin":false},"html_url":"https://github.com/Manjanagowda/Manjanagowda","description":"Config files for my GitHub profile.","fork":false,"url":"https://api.github.com/repos/Manjanagowda/Manjanagowda","forks_url":"https://api.github.com/repos/Manjanagowda/Manjanagowda/forks","keys_url":"https://api.github.com/repos/Manjanagowda/Manjanagowda/keys{/key_id}","collaborators_url":"https://api.github.com/repos/Manjanagowda/Manjanagowda/collaborators{/collaborator}","teams_url":"https://api.github.com/repos/Manjanagowda/Manjanagowda/teams","hooks_url":"https://api.github.com/repos/Manjanagowda/Manjanagowda/hooks","issue_events_url":"https://api.github.com/repos/Manjanagowda/Manjanagowda/issues/events{/number}","events_url":"https://api.github.com/repos/Manjanagowda/Manjanagowda/events","assignees_url":"https://api.github.com/repos/Manjanagowda/Manjanagowda/assignees{/user}","branches_url":"https://api.github.com/repos/Manjanagowda/Manjanagowda/branches{/branch}","tags_url":"https://api.github.com/repos/Manjanagowda/Manjanagowda/tags","blobs_url":"https://api.github.com/repos/Manjanagowda/Manjanagowda/git/blobs{/sha}","git_tags_url":"https://api.github.com/repos/Manjanagowda/Manjanagowda/git/tags{/sha}","git_refs_url":"https://api.github.com/repos/Manjanagowda/Manjanagowda/git/refs{/sha}","trees_url":"https://api.github.com/repos/Manjanagowda/Manjanagowda/git/trees{/sha}","statuses_url":"https://api.github.com/repos/Manjanagowda/Manjanagowda/statuses/{sha}","languages_url":"https://api.github.com/repos/Manjanagowda/Manjanagowda/languages","stargazers_url":"https://api.github.com/repos/Manjanagowda/Manjanagowda/stargazers","contributors_url":"https://api.github.com/repos/Manjanagowda/Manjanagowda/contributors","subscribers_url":"https://api.github.com/repos/Manjanagowda/Manjanagowda/subscribers","subscription_url":"https://api.github.com/repos/Manjanagowda/Manjanagowda/subscription","commits_url":"https://api.github.com/repos/Manjanagowda/Manjanagowda/commits{/sha}","git_commits_url":"https://api.github.com/repos/Manjanagowda/Manjanagowda/git/commits{/sha}","comments_url":"https://api.github.com/repos/Manjanagowda/Manjanagowda/comments{/number}","issue_comment_url":"https://api.github.com/repos/Manjanagowda/Manjanagowda/issues/comments{/number}","contents_url":"https://api.github.com/repos/Manjanagowda/Manjanagowda/contents/{+path}","compare_url":"https://api.github.com/repos/Manjanagowda/Manjanagowda/compare/{base}...{head}","merges_url":"https://api.github.com/repos/Manjanagowda/Manjanagowda/merges","archive_url":"https://api.github.com/repos/Manjanagowda/Manjanagowda/{archive_format}{/ref}","downloads_url":"https://api.github.com/repos/Manjanagowda/Manjanagowda/downloads","issues_url":"https://api.github.com/repos/Manjanagowda/Manjanagowda/issues{/number}","pulls_url":"https://api.github.com/repos/Manjanagowda/Manjanagowda/pulls{/number}","milestones_url":"https://api.github.com/repos/Manjanagowda/Manjanagowda/milestones{/number}","notifications_url":"https://api.github.com/repos/Manjanagowda/Manjanagowda/notifications{?since,all,participating}","labels_url":"https://api.github.com/repos/Manjanagowda/Manjanagowda/labels{/name}","releases_url":"https://api.github.com/repos/Manjanagowda/Manjanagowda/releases{/id}","deployments_url":"https://api.github.com/repos/Manjanagowda/Manjanagowda/deployments","created_at":"2023-10-20T02:26:35Z","updated_at":"2023-10-20T02:26:35Z","pushed_at":"2023-12-09T07:16:17Z","git_url":"git://github.com/Manjanagowda/Manjanagowda.git","ssh_url":"git@github.com:Manjanagowda/Manjanagowda.git","clone_url":"https://github.com/Manjanagowda/Manjanagowda.git","svn_url":"https://github.com/Manjanagowda/Manjanagowda","homepage":"https://github.com/Manjanagowda","size":59,"stargazers_count":0,"watchers_count":0,"language":null,"has_issues":false,"has_projects":true,"has_downloads":true,"has_wiki":false,"has_pages":false,"has_discussions":false,"forks_count":0,"mirror_url":null,"archived":false,"disabled":false,"open_issues_count":0,"license":null,"allow_forking":true,"is_template":false,"web_commit_signoff_required":false,"topics":["config","github-config"],"visibility":"public","forks":0,"open_issues":0,"watchers":0,"default_branch":"main","permissions":{"admin":true,"maintain":true,"push":true,"triage":true,"pull":true}},{"id":730959142,"node_id":"R_kgDOK5GNJg","name":"POM_Framework","full_name":"Manjanagowda/POM_Framework","private":false,"owner":{"login":"Manjanagowda","id":133026556,"node_id":"U_kgDOB-3S_A","avatar_url":"https://avatars.githubusercontent.com/u/133026556?v=4","gravatar_id":"","url":"https://api.github.com/users/Manjanagowda","html_url":"https://github.com/Manjanagowda","followers_url":"https://api.github.com/users/Manjanagowda/followers","following_url":"https://api.github.com/users/Manjanagowda/following{/other_user}","gists_url":"https://api.github.com/users/Manjanagowda/gists{/gist_id}","starred_url":"https://api.github.com/users/Manjanagowda/starred{/owner}{/repo}","subscriptions_url":"https://api.github.com/users/Manjanagowda/subscriptions","organizations_url":"https://api.github.com/users/Manjanagowda/orgs","repos_url":"https://api.github.com/users/Manjanagowda/repos","events_url":"https://api.github.com/users/Manjanagowda/events{/privacy}","received_events_url":"https://api.github.com/users/Manjanagowda/received_events","type":"User","site_admin":false},"html_url":"https://github.com/Manjanagowda/POM_Framework","description":null,"fork":false,"url":"https://api.github.com/repos/Manjanagowda/POM_Framework","forks_url":"https://api.github.com/repos/Manjanagowda/POM_Framework/forks","keys_url":"https://api.github.com/repos/Manjanagowda/POM_Framework/keys{/key_id}","collaborators_url":"https://api.github.com/repos/Manjanagowda/POM_Framework/collaborators{/collaborator}","teams_url":"https://api.github.com/repos/Manjanagowda/POM_Framework/teams","hooks_url":"https://api.github.com/repos/Manjanagowda/POM_Framework/hooks","issue_events_url":"https://api.github.com/repos/Manjanagowda/POM_Framework/issues/events{/number}","events_url":"https://api.github.com/repos/Manjanagowda/POM_Framework/events","assignees_url":"https://api.github.com/repos/Manjanagowda/POM_Framework/assignees{/user}","branches_url":"https://api.github.com/repos/Manjanagowda/POM_Framework/branches{/branch}","tags_url":"https://api.github.com/repos/Manjanagowda/POM_Framework/tags","blobs_url":"https://api.github.com/repos/Manjanagowda/POM_Framework/git/blobs{/sha}","git_tags_url":"https://api.github.com/repos/Manjanagowda/POM_Framework/git/tags{/sha}","git_refs_url":"https://api.github.com/repos/Manjanagowda/POM_Framework/git/refs{/sha}","trees_url":"https://api.github.com/repos/Manjanagowda/POM_Framework/git/trees{/sha}","statuses_url":"https://api.github.com/repos/Manjanagowda/POM_Framework/statuses/{sha}","languages_url":"https://api.github.com/repos/Manjanagowda/POM_Framework/languages","stargazers_url":"https://api.github.com/repos/Manjanagowda/POM_Framework/stargazers","contributors_url":"https://api.github.com/repos/Manjanagowda/POM_Framework/contributors","subscribers_url":"https://api.github.com/repos/Manjanagowda/POM_Framework/subscribers","subscription_url":"https://api.github.com/repos/Manjanagowda/POM_Framework/subscription","commits_url":"https://api.github.com/repos/Manjanagowda/POM_Framework/commits{/sha}","git_commits_url":"https://api.github.com/repos/Manjanagowda/POM_Framework/git/commits{/sha}","comments_url":"https://api.github.com/repos/Manjanagowda/POM_Framework/comments{/number}","issue_comment_url":"https://api.github.com/repos/Manjanagowda/POM_Framework/issues/comments{/number}","contents_url":"https://api.github.com/repos/Manjanagowda/POM_Framework/contents/{+path}","compare_url":"https://api.github.com/repos/Manjanagowda/POM_Framework/compare/{base}...{head}","merges_url":"https://api.github.com/repos/Manjanagowda/POM_Framework/merges","archive_url":"https://api.github.com/repos/Manjanagowda/POM_Framework/{archive_format}{/ref}","downloads_url":"https://api.github.com/repos/Manjanagowda/POM_Framework/downloads","issues_url":"https://api.github.com/repos/Manjanagowda/POM_Framework/issues{/number}","pulls_url":"https://api.github.com/repos/Manjanagowda/POM_Framework/pulls{/number}","milestones_url":"https://api.github.com/repos/Manjanagowda/POM_Framework/milestones{/number}","notifications_url":"https://api.github.com/repos/Manjanagowda/POM_Framework/notifications{?since,all,participating}","labels_url":"https://api.github.com/repos/Manjanagowda/POM_Framework/labels{/name}","releases_url":"https://api.github.com/repos/Manjanagowda/POM_Framework/releases{/id}","deployments_url":"https://api.github.com/repos/Manjanagowda/POM_Framework/deployments","created_at":"2023-12-13T03:42:40Z","updated_at":"2023-12-13T03:42:41Z","pushed_at":"2023-12-13T03:46:31Z","git_url":"git://github.com/Manjanagowda/POM_Framework.git","ssh_url":"git@github.com:Manjanagowda/POM_Framework.git","clone_url":"https://github.com/Manjanagowda/POM_Framework.git","svn_url":"https://github.com/Manjanagowda/POM_Framework","homepage":null,"size":64,"stargazers_count":0,"watchers_count":0,"language":null,"has_issues":true,"has_projects":true,"has_downloads":true,"has_wiki":true,"has_pages":false,"has_discussions":false,"forks_count":0,"mirror_url":null,"archived":false,"disabled":false,"open_issues_count":0,"license":null,"allow_forking":true,"is_template":false,"web_commit_signoff_required":false,"topics":[],"visibility":"public","forks":0,"open_issues":0,"watchers":0,"default_branch":"main","permissions":{"admin":true,"maintain":true,"push":true,"triage":true,"pull":true}},{"id":737488511,"node_id":"R_kgDOK_Uufw","name":"RestAssured_Framework","full_name":"Manjanagowda/RestAssured_Framework","private":false,"owner":{"login":"Manjanagowda","id":133026556,"node_id":"U_kgDOB-3S_A","avatar_url":"https://avatars.githubusercontent.com/u/133026556?v=4","gravatar_id":"","url":"https://api.github.com/users/Manjanagowda","html_url":"https://github.com/Manjanagowda","followers_url":"https://api.github.com/users/Manjanagowda/followers","following_url":"https://api.github.com/users/Manjanagowda/following{/other_user}","gists_url":"https://api.github.com/users/Manjanagowda/gists{/gist_id}","starred_url":"https://api.github.com/users/Manjanagowda/starred{/owner}{/repo}","subscriptions_url":"https://api.github.com/users/Manjanagowda/subscriptions","organizations_url":"https://api.github.com/users/Manjanagowda/orgs","repos_url":"https://api.github.com/users/Manjanagowda/repos","events_url":"https://api.github.com/users/Manjanagowda/events{/privacy}","received_events_url":"https://api.github.com/users/Manjanagowda/received_events","type":"User","site_admin":false},"html_url":"https://github.com/Manjanagowda/RestAssured_Framework","description":null,"fork":false,"url":"https://api.github.com/repos/Manjanagowda/RestAssured_Framework","forks_url":"https://api.github.com/repos/Manjanagowda/RestAssured_Framework/forks","keys_url":"https://api.github.com/repos/Manjanagowda/RestAssured_Framework/keys{/key_id}","collaborators_url":"https://api.github.com/repos/Manjanagowda/RestAssured_Framework/collaborators{/collaborator}","teams_url":"https://api.github.com/repos/Manjanagowda/RestAssured_Framework/teams","hooks_url":"https://api.github.com/repos/Manjanagowda/RestAssured_Framework/hooks","issue_events_url":"https://api.github.com/repos/Manjanagowda/RestAssured_Framework/issues/events{/number}","events_url":"https://api.github.com/repos/Manjanagowda/RestAssured_Framework/events","assignees_url":"https://api.github.com/repos/Manjanagowda/RestAssured_Framework/assignees{/user}","branches_url":"https://api.github.com/repos/Manjanagowda/RestAssured_Framework/branches{/branch}","tags_url":"https://api.github.com/repos/Manjanagowda/RestAssured_Framework/tags","blobs_url":"https://api.github.com/repos/Manjanagowda/RestAssured_Framework/git/blobs{/sha}","git_tags_url":"https://api.github.com/repos/Manjanagowda/RestAssured_Framework/git/tags{/sha}","git_refs_url":"https://api.github.com/repos/Manjanagowda/RestAssured_Framework/git/refs{/sha}","trees_url":"https://api.github.com/repos/Manjanagowda/RestAssured_Framework/git/trees{/sha}","statuses_url":"https://api.github.com/repos/Manjanagowda/RestAssured_Framework/statuses/{sha}","languages_url":"https://api.github.com/repos/Manjanagowda/RestAssured_Framework/languages","stargazers_url":"https://api.github.com/repos/Manjanagowda/RestAssured_Framework/stargazers","contributors_url":"https://api.github.com/repos/Manjanagowda/RestAssured_Framework/contributors","subscribers_url":"https://api.github.com/repos/Manjanagowda/RestAssured_Framework/subscribers","subscription_url":"https://api.github.com/repos/Manjanagowda/RestAssured_Framework/subscription","commits_url":"https://api.github.com/repos/Manjanagowda/RestAssured_Framework/commits{/sha}","git_commits_url":"https://api.github.com/repos/Manjanagowda/RestAssured_Framework/git/commits{/sha}","comments_url":"https://api.github.com/repos/Manjanagowda/RestAssured_Framework/comments{/number}","issue_comment_url":"https://api.github.com/repos/Manjanagowda/RestAssured_Framework/issues/comments{/number}","contents_url":"https://api.github.com/repos/Manjanagowda/RestAssured_Framework/contents/{+path}","compare_url":"https://api.github.com/repos/Manjanagowda/RestAssured_Framework/compare/{base}...{head}","merges_url":"https://api.github.com/repos/Manjanagowda/RestAssured_Framework/merges","archive_url":"https://api.github.com/repos/Manjanagowda/RestAssured_Framework/{archive_format}{/ref}","downloads_url":"https://api.github.com/repos/Manjanagowda/RestAssured_Framework/downloads","issues_url":"https://api.github.com/repos/Manjanagowda/RestAssured_Framework/issues{/number}","pulls_url":"https://api.github.com/repos/Manjanagowda/RestAssured_Framework/pulls{/number}","milestones_url":"https://api.github.com/repos/Manjanagowda/RestAssured_Framework/milestones{/number}","notifications_url":"https://api.github.com/repos/Manjanagowda/RestAssured_Framework/notifications{?since,all,participating}","labels_url":"https://api.github.com/repos/Manjanagowda/RestAssured_Framework/labels{/name}","releases_url":"https://api.github.com/repos/Manjanagowda/RestAssured_Framework/releases{/id}","deployments_url":"https://api.github.com/repos/Manjanagowda/RestAssured_Framework/deployments","created_at":"2023-12-31T08:17:05Z","updated_at":"2023-12-31T08:17:05Z","pushed_at":"2024-01-02T04:50:54Z","git_url":"git://github.com/Manjanagowda/RestAssured_Framework.git","ssh_url":"git@github.com:Manjanagowda/RestAssured_Framework.git","clone_url":"https://github.com/Manjanagowda/RestAssured_Framework.git","svn_url":"https://github.com/Manjanagowda/RestAssured_Framework","homepage":null,"size":76,"stargazers_count":0,"watchers_count":0,"language":null,"has_issues":true,"has_projects":true,"has_downloads":true,"has_wiki":true,"has_pages":false,"has_discussions":false,"forks_count":0,"mirror_url":null,"archived":false,"disabled":false,"open_issues_count":0,"license":null,"allow_forking":true,"is_template":false,"web_commit_signoff_required":false,"topics":[],"visibility":"public","forks":0,"open_issues":0,"watchers":0,"default_branch":"main","permissions":{"admin":true,"maintain":true,"push":true,"triage":true,"pull":true}}]
]]></system-out>
  </testcase>
  <testcase name="listRepositoriestags" classname="com.moolya.testgithub.GitHub_Testing" time="0.697">
    <system-out><![CDATA[[]
]]></system-out>
  </testcase>
</testsuite>