<?xml version="1.0" encoding="UTF-8"?>
<testng-results ignored="0" total="7" passed="7" failed="0" skipped="0">
  <reporter-output>
  </reporter-output>
  <suite started-at="2024-01-02T22:09:10 IST" name="Default suite" finished-at="2024-01-02T22:09:18 IST" duration-ms="7904">
    <groups>
    </groups>
    <test started-at="2024-01-02T22:09:10 IST" name="Default test" finished-at="2024-01-02T22:09:18 IST" duration-ms="7904">
      <class name="com.moolya.testgithub.GitHub_Testing">
        <test-method signature="createRepo()[pri:0, instance:com.moolya.testgithub.GitHub_Testing@35cabb2a]" started-at="2024-01-02T22:09:11 IST" name="createRepo" finished-at="2024-01-02T22:09:14 IST" duration-ms="3656" status="PASS">
          <reporter-output>
          </reporter-output>
        </test-method> <!-- createRepo -->
        <test-method signature="getRepository()[pri:1, instance:com.moolya.testgithub.GitHub_Testing@35cabb2a]" started-at="2024-01-02T22:09:14 IST" name="getRepository" finished-at="2024-01-02T22:09:15 IST" duration-ms="761" status="PASS">
          <reporter-output>
          </reporter-output>
        </test-method> <!-- getRepository -->
        <test-method signature="updateRepository()[pri:2, instance:com.moolya.testgithub.GitHub_Testing@35cabb2a]" started-at="2024-01-02T22:09:15 IST" name="updateRepository" finished-at="2024-01-02T22:09:16 IST" duration-ms="892" status="PASS">
          <reporter-output>
          </reporter-output>
        </test-method> <!-- updateRepository -->
        <test-method signature="getUpdatedRepository()[pri:3, instance:com.moolya.testgithub.GitHub_Testing@35cabb2a]" started-at="2024-01-02T22:09:16 IST" name="getUpdatedRepository" finished-at="2024-01-02T22:09:16 IST" duration-ms="637" status="PASS">
          <reporter-output>
          </reporter-output>
        </test-method> <!-- getUpdatedRepository -->
        <test-method signature="deleteRepository()[pri:4, instance:com.moolya.testgithub.GitHub_Testing@35cabb2a]" started-at="2024-01-02T22:09:16 IST" name="deleteRepository" finished-at="2024-01-02T22:09:17 IST" duration-ms="783" status="PASS">
          <reporter-output>
          </reporter-output>
        </test-method> <!-- deleteRepository -->
        <test-method signature="listUserRepositories()[pri:5, instance:com.moolya.testgithub.GitHub_Testing@35cabb2a]" started-at="2024-01-02T22:09:17 IST" name="listUserRepositories" finished-at="2024-01-02T22:09:18 IST" duration-ms="646" status="PASS">
          <reporter-output>
          </reporter-output>
        </test-method> <!-- listUserRepositories -->
        <test-method signature="listRepositoriestags()[pri:6, instance:com.moolya.testgithub.GitHub_Testing@35cabb2a]" started-at="2024-01-02T22:09:18 IST" name="listRepositoriestags" finished-at="2024-01-02T22:09:18 IST" duration-ms="471" status="PASS">
          <reporter-output>
          </reporter-output>
        </test-method> <!-- listRepositoriestags -->
      </class> <!-- com.moolya.testgithub.GitHub_Testing -->
    </test> <!-- Default test -->
  </suite> <!-- Default suite -->
</testng-results>
